Select one of the possible opions:
	(1) Two-Phase simplex method
	(2) Dual simplex method
Option: --------------------------------------------------

Select the type of input:
	1: Manual input
	2: Input from file
Selected: --------------------------------------------------

---- NOTE ----
Enter the relative path to the file, from under "/examples/" 
e.g. For file 1.txt, write "1.txt", that will load "/examples/1.txt"
--------------------------------------------------

---- NOTE ----
The file must be in the following format:
N M				Where N - number of equations and M - number of variables
"min" or "max"			Objective function minimisation or maximisation
c1 c2 c3 ... cM
A11 A12 ... A1M _ b1
A21 A22 ... A2M _ b2
................
AN1 AN2 ... ANM _ bN
				Where '_' should be '<', '>' or '='

--------------------------------------------------

--------------------------------------------------

--------------------------------------------------

Enter the file name: c:
 [1. 1. 1. 0. 0.]
A:
 [[ 2. -1.  1.  1.  0.]
 [-1.  3. -5.  0.  1.]]
b:
 [-1.0, 3.0]
F:
 0
Iteration 0:

Step 1: Is b >= 0?
b(0) is negative, proceeding to Step 2...
--------------------------------------------------

Step 2: Is A(0) >= 0?
A(0, 1) is negative, proceeding to Step 3...
--------------------------------------------------

Finding a maximum c(j) / A(0, j) such that A(0, j) < 0
Pivot: A(0, 1)
--------------------------------------------------

c:
 [3. 0. 2. 1. 0.]
A:
 [[-2.  1. -1. -1. -0.]
 [ 5.  0. -2.  3.  1.]]
b:
 [1.0, 0.0]
F:
 -1.0
Iteration 1:

Step 1: Is b >= 0?
Opimal value has been found!
Optimal value: 
minf = -1.0
maxf = 1.0
