Furie-Mockin method of elimination
--------------------------------------------------

Select one of the possible opions:
	(1) Calculate intervals (input: matrix A, vector b)
	(2) Check if a vertex is in solution (input: matrix A, vector b, vertex x
	(3) Furie-Mockin method of elimination (input: vector c, matrix A, vector b)
Option: ---- NOTE ----
The file must be in the following format:
N M			Where N - number of equations and M - number of variables
"min" or "max"			Objective function minimisation or maximisation
c1 c2 c3 ... cM
A11 A12 ... A1M
A21 A22 ... A2M
................
AN1 AN2 ... ANM
b1 b2 b3 ... bN
--------------------------------------------------

Enter the file name: --------------------------------------------------

Input:
c:  [-1. -3.]
A:
 [[-1. -1.]
 [ 1. -2.]
 [ 1.  0.]
 [ 0.  1.]]
b:  [-6. -8.  0.  0.]
--------------------------------------------------

Replace variable with the objective funciton:
c:  [-1. -3.]
A:
 [[ 1.  2.]
 [-1. -5.]
 [-1. -3.]
 [-0.  1.]]
b:  [-6. -8.  0.  0.]
--------------------------------------------------

--------------------------------------------------

Elimination:

I:  [0, 3]
J:  [1, 2]
K:  []
New A:
 [[ 0.3       ]
 [ 0.16666667]
 [-0.2       ]
 [-0.33333333]]
New b: [-4.6, -3.0, -1.6, 0.0]
--------------------------------------------------

VAR is in: [-15.333333333333332, -0.0]

--------------------------------------------------

Solution:  -15.333333333333332
