---- NOTE ----
The file must be in the following format:
n MAX			Where n - number of items  MAX - Maximum allowed weight
W0 W1 W2 W3 ... Wn
P0 P1 P2 P3 ... Pn

--------------------------------------------------

Enter the file name: 
F:
 [[  0   0   0   0   0   0   0   0   0   0   0   0   0   0   0   0   0   0
    0   0   0   0   0   0   0   0   0   0   0   0   0   0   0   0   0   0
    0   0   0   0   0   0   0   0   0   0   0   0   0   0   0]
 [  0   0   0   0   0   0   0   0   0   0  60  60  60  60  60  60  60  60
   60  60  60  60  60  60  60  60  60  60  60  60  60  60  60  60  60  60
   60  60  60  60  60  60  60  60  60  60  60  60  60  60  60]
 [  0   0   0   0   0   0   0   0   0   0  60  60  60  60  60  60  60  60
   60  60 100 100 100 100 100 100 100 100 100 100 160 160 160 160 160 160
  160 160 160 160 160 160 160 160 160 160 160 160 160 160 160]
 [  0   0   0   0   0   0   0   0   0   0  60  60  60  60  60  60  60  60
   60  60 100 100 100 100 100 100 100 100 100 100 160 160 160 160 160 160
  160 160 160 160 180 180 180 180 180 180 180 180 180 180 220]]

--------------------------------------------------

Maximal basket value:  220
