Furie-Mockin method of elimination
--------------------------------------------------

Select one of the possible opions:
	(1) Calculate intervals (input: matrix A, vector b)
	(2) Check if a vertex is in solution (input: matrix A, vector b, vertex x
	(3) Furie-Mockin method of elimination (input: vector c, matrix A, vector b)
Option: ---- NOTE ----
The file must be in the following format:
N M			Where N - number of equations and M - number of variables
"min" or "max"			Objective function minimisation or maximisation
c1 c2 c3 ... cM

A11 A12 ... A1M
A21 A22 ... A2M
................
AN1 AN2 ... ANM		Where constrains are <=
  for x1, x2, x3, ... xM >= 0

nb1 b2 b3 ... bN
--------------------------------------------------

Enter the file name: Fourier-Motzkin_elimination.py:158: RuntimeWarning: invalid value encountered in double_scalars
  A[i, j] -= (c[j] / c[0]) * A[i, 0]
Fourier-Motzkin_elimination.py:158: RuntimeWarning: divide by zero encountered in double_scalars
  A[i, j] -= (c[j] / c[0]) * A[i, 0]
Fourier-Motzkin_elimination.py:159: RuntimeWarning: divide by zero encountered in double_scalars
  A[i, 0] *= (1 / c[0])
Fourier-Motzkin_elimination.py:159: RuntimeWarning: invalid value encountered in double_scalars
  A[i, 0] *= (1 / c[0])
Fourier-Motzkin_elimination.py:52: RuntimeWarning: invalid value encountered in double_scalars
  new_A.append(((A[I[i], p] / A[I[i], eliminate_index]) - (A[J[j], p] / A[J[j], eliminate_index])))
--------------------------------------------------

Input:
c:  [-0. -0. -1.]
A:
 [[-3. -4. -1.]
 [ 1. -0. -1.]
 [-0.  1. -1.]
 [-0. -0.  1.]
 [ 1.  0.  0.]
 [ 0.  1.  0.]
 [ 0.  0.  1.]]
b:  [-25.  -5.  -5.   0.   0.   0.   0.]
--------------------------------------------------

Replace variable with the objective funciton:
c:  [-0. -0. -1.]
A:
 [[ inf  nan  inf]
 [-inf  nan -inf]
 [ nan  nan  nan]
 [ nan  nan  nan]
 [-inf  nan -inf]
 [ nan  nan  nan]
 [ nan  nan  nan]]
b:  [-25.  -5.  -5.   0.   0.   0.   0.]
--------------------------------------------------

--------------------------------------------------

Elimination:

I:  [0]
J:  [1, 4]
K:  [2, 3, 5, 6]
New A:
 [[nan nan]
 [nan nan]
 [nan nan]
 [nan nan]
 [nan nan]
 [nan nan]]
New b: [-0.0, 0.0, -5.0, 0.0, 0.0, 0.0]
--------------------------------------------------

Elimination:

I:  []
J:  []
K:  [0, 1, 2, 3, 4, 5]
New A:
 [[nan]
 [nan]
 [nan]
 [nan]
 [nan]
 [nan]]
New b: [-0.0, 0.0, -5.0, 0.0, 0.0, 0.0]
--------------------------------------------------

VAR is in: (-Inf, Inf)

--------------------------------------------------

Solution:  -inf
