Select the type of input:
	1: Manual input
	2: Input from file
Selected: --------------------------------------------------

---- NOTE ----
Enter the relative path to the file, from under "/examples/" 
e.g. For file 1.txt, write "1.txt", that will load "/examples/1.txt"
--------------------------------------------------

---- NOTE ----
The file must be in the following format:
N M				Where N - number of rows and M - number of columns
A11 A12 ... A1M
A21 A22 ... A2M
.............
AN1 AN2 ... ANM
--------------------------------------------------

--------------------------------------------------

--------------------------------------------------

Enter the file name: Initial game matrix problem:
 [[ 100.    0.]
 [-100.  200.]]
Game matrix after removing the dominated rows and columns:
 [[ 100.    0.]
 [-100.  200.]]
--------------------------------------------------

I problem:
(min) -v = (max) v
100.0*x1 + 0.0*x2 >= v
-100.0*x1 + 200.0*x2 >= v
x1 + x2 = 1
x1, x2 >= 0

II problem:
(min) v
100.0*y1 + -100.0*y2 <= v
0.0*y1 + 200.0*y2 <= v
y1 + y2 = 1
y1, y2 >= 0
--------------------------------------------------

Solution:  50.0
