Select the type of input:
	1: Manual input
	2: Input from file
Selected: --------------------------------------------------

---- NOTE ----
Enter the relative path to the file, from under "/examples/" 
e.g. For file 1.txt, write "1.txt", that will load "/examples/1.txt"
--------------------------------------------------

---- NOTE ----
The file must be in the following format:
N M				Where N - number of rows and M - number of columns
A11 A12 ... A1M
A21 A22 ... A2M
.............
AN1 AN2 ... ANM
--------------------------------------------------

--------------------------------------------------

--------------------------------------------------

Enter the file name: Initial game matrix problem:
 [[3. 6. 1. 4.]
 [5. 2. 4. 2.]
 [1. 4. 3. 5.]]
Game matrix after removing the dominated rows and columns:
 [[3. 6. 1. 4.]
 [5. 2. 4. 2.]
 [1. 4. 3. 5.]]
--------------------------------------------------

I problem:
(min) -v = (max) v
3.0*x1 + 6.0*x2 + 1.0*x3 + 4.0*x4 >= v
5.0*x1 + 2.0*x2 + 4.0*x3 + 2.0*x4 >= v
1.0*x1 + 4.0*x2 + 3.0*x3 + 5.0*x4 >= v
x1 + x2 + x3 = 1
x1, x2, x3 >= 0

II problem:
(min) v
3.0*y1 + 5.0*y2 + 1.0*y3 +  <= v
6.0*y1 + 2.0*y2 + 4.0*y3 +  <= v
1.0*y1 + 4.0*y2 + 3.0*y3 +  <= v
4.0*y1 + 2.0*y2 + 5.0*y3 +  <= v
y1 + y2 + y3 + y4 = 1
y1, y2, y3, y4 >= 0
--------------------------------------------------

Solution:  3.316
