Revised simplex method
--------------------------------------------------

Select the type of input:
	1: Manual input
	2: Input from file
Selected: --------------------------------------------------

---- NOTE ----
Enter the relative path to the file, from under "/examples/" 
e.g. For file 1.txt, write "1.txt", that will load "/examples/1.txt"
--------------------------------------------------

---- NOTE ----
The file must be in the following format:
N M				Where N - number of equations and M - number of variables
"min" or "max"			Goal function minimisation or maximisation
c1 c2 c3 ... cM
A11 A12 ... A1M _ b1
A21 A22 ... A2M _ b2
................
AN1 AN2 ... ANM _ bN
				Where '_' should be '<', '>' or '='

--------------------------------------------------

--------------------------------------------------

--------------------------------------------------

Enter the file name: Solving system(canonical form): Ax = b
c:
 [-4. -1. -5. -3.  0.  0.  0.]
A:
 [[ 1. -1. -1.  3.  1.  0.  0.]
 [ 5.  1.  3.  8.  0.  1.  0.]
 [-1.  2.  3. -5.  0.  0.  1.]]
b:
 [1.0, 55.0, 3.0]
--------------------------------------------------

Set unit matrix:
c:
 [ 0.  0.  0. -1.  9.  1.  5.]
A:
 [[  1.   0.   0.   1.   2.   1.   1.]
 [  0.   1.   0.  -2.   1.   2.   1.]
 [ -0.  -0.   1.   5. -11.  -4.  -6.]]
b:
 [5.0, 4.000000000000002, 25.999999999999993]
Base indexes (P):
 [0, 1, 2]
Nonbase indexes (Q):
 [3, 4, 5, 6]
Base function value (Fo):
 24.000000000000014
--------------------------------------------------

Revised Simplex:

Starting x value:  [ 5.  4. 26.  0.  0.  0.  0.]
Starting base matrix:
 [[1. 0. 0.]
 [0. 1. 0.]
 [0. 0. 1.]]
--------------------------------------------------

Iteration 0:

--------------------------------------------------

Calculating B:

B = Bo
Step 1: Solving system(1): uB = Cb
B:
 [[1. 0. 0.]
 [0. 1. 0.]
 [0. 0. 1.]]
Cb:
 [0. 0. 0.]
Result of u(1): [0. 0. 0.]
--------------------------------------------------

Step 2: Calculating r (r := C - uK):
C:
 [-1.  9.  1.  5.]
K:
 [[  1.   2.   1.   1.]
 [ -2.   1.   2.   1.]
 [  5. -11.  -4.  -6.]]
Result(r):  [-1.  9.  1.  5.]
Bland's rule: first negative r(i) is r0
--------------------------------------------------

Step 3: Solving system(2): By = K0
B:
 [[1. 0. 0.]
 [0. 1. 0.]
 [0. 0. 1.]]
K: 3 
 [[ 1.]
 [-2.]
 [ 5.]]
Result of y(2): [ 1. -2.  5.]
--------------------------------------------------

Step 4: check if y <= 0:

(y <= 0) is not true!

Finding optimal t:

Optimal t: 5.0

Column 0 leaves base (P)

--------------------------------------------------

ETA Matrix:
 [[ 1.  0.  0.]
 [-2.  1.  0.]
 [ 5.  0.  1.]]
--------------------------------------------------

Step 5: updating x:

Old x: [ 5.  4. 26.  0.  0.  0.  0.]
New x: [ 0. 14.  1.  5.  0.  0.  0.]
--------------------------------------------------

Iteration 1:

--------------------------------------------------

Calculating B:

B = Bo * E1
Step 1: Solving system(1): uB = Cb
B:
 [[ 1.  0.  0.]
 [-2.  1.  0.]
 [ 5.  0.  1.]]
Cb:
 [-1.  0.  0.]
Result of u(1): [-1.  0.  0.]
--------------------------------------------------

Step 2: Calculating r (r := C - uK):
C:
 [0. 9. 1. 5.]
K:
 [[  1.   2.   1.   1.]
 [  0.   1.   2.   1.]
 [ -0. -11.  -4.  -6.]]
Result(r):  [ 1. 11.  2.  6.]
(r > 0) is true => optimal value is found!
--------------------------------------------------

Solution: [ 0. 14.  1.  5.  0.  0.  0.]
Optimal value: -29.000000000000018

