Revised simplex method
--------------------------------------------------

Select the type of input:
	1: Manual input
	2: Input from file
Selected: --------------------------------------------------

---- NOTE ----
Enter the relative path to the file, from under "/examples/" 
e.g. For file 1.txt, write "1.txt", that will load "/examples/1.txt"
--------------------------------------------------

---- NOTE ----
The input must be in the following format:
N M				Where N - number of equations and M - number of variables
"min" or "max"			Objective function minimisation or maximisation
c1 c2 c3 ... cM
A11 A12 ... A1M _ b1
A21 A22 ... A2M _ b2
................
AN1 AN2 ... ANM _ bN
  for x1, x2, x3, ... xM >= 0		Where '_' should be '<', '>' or '='

--------------------------------------------------

--------------------------------------------------

--------------------------------------------------

Enter the file name: Solving system(canonical form): Ax = b
c:
 [-50. -40.   0.   0.   0.]
A:
 [[2. 5. 1. 0. 0.]
 [8. 5. 0. 1. 0.]
 [5. 6. 0. 0. 1.]]
b:
 [20.0, 40.0, 30.0]
--------------------------------------------------

Set unit matrix:
c:
 [0.    0.    0.    4.348 3.043]
A:
 [[ 1.     0.     0.     0.261 -0.217]
 [ 0.     1.     0.    -0.217  0.348]
 [-0.    -0.     1.     0.565 -1.304]]
b:
 [3.9130434782608696, 1.7391304347826093, 3.4782608695652146]
Base indexes (P):
 [0, 1, 2]
Nonbase indexes (Q):
 [3, 4]
Base function value (Fo):
 265.21739130434787
--------------------------------------------------

Revised Simplex:

Starting x value:  [3.913 1.739 3.478 0.    0.   ]
--------------------------------------------------

Iteration 0:

--------------------------------------------------

Step 1: Solving system(1): uB = Cb
B:
 [[ 1.  0.  0.]
 [ 0.  1.  0.]
 [-0. -0.  1.]]
Cb:
 [0. 0. 0.]
Result of u(1): [0. 0. 0.]
--------------------------------------------------

Step 2: Calculating r (r := C - uK):
C:
 [4.348 3.043]
K:
 [[ 0.261 -0.217]
 [-0.217  0.348]
 [ 0.565 -1.304]]
Result(r):  [4.348 3.043]
(r > 0) is true => optimal value is found!
--------------------------------------------------

Solution: [3.913 1.739 3.478 0.    0.   ]
Optimal value: -265.217

