Revised simplex method
--------------------------------------------------

Select the type of input:
	1: Manual input
	2: Input from file
Selected: --------------------------------------------------

---- NOTE ----
Enter the relative path to the file, from under "/examples/" 
e.g. For file 1.txt, write "1.txt", that will load "/examples/1.txt"
--------------------------------------------------

---- NOTE ----
The input must be in the following format:
N M				Where N - number of equations and M - number of variables
"min" or "max"			Objective function minimisation or maximisation
c1 c2 c3 ... cM
A11 A12 ... A1M _ b1
A21 A22 ... A2M _ b2
................
AN1 AN2 ... ANM _ bN
  for x1, x2, x3, ... xM >= 0		Where '_' should be '<', '>' or '='

--------------------------------------------------

--------------------------------------------------

--------------------------------------------------

Enter the file name: Solving system(canonical form): Ax = b
c:
 [2. 5. 0. 0. 0.]
A:
 [[-4. -1.  1.  0.  0.]
 [-1. -5.  0.  1.  0.]
 [-3. -4.  0.  0.  1.]]
b:
 [-8.0, -10.0, -19.0]
--------------------------------------------------

Set unit matrix:
c:
 [0.    0.    0.    0.636 0.455]
A:
 [[ 1.     0.     0.     0.364 -0.455]
 [ 0.     1.     0.    -0.273  0.091]
 [-0.    -0.     1.     1.182 -1.727]]
b:
 [5.0, 1.0, 13.0]
Base indexes (P):
 [0, 1, 2]
Nonbase indexes (Q):
 [3, 4]
Base function value (Fo):
 -15.0
--------------------------------------------------

Revised Simplex:

Starting x value:  [ 5.  1. 13.  0.  0.]
--------------------------------------------------

Iteration 0:

--------------------------------------------------

Step 1: Solving system(1): uB = Cb
B:
 [[ 1.  0.  0.]
 [ 0.  1.  0.]
 [-0. -0.  1.]]
Cb:
 [0. 0. 0.]
Result of u(1): [0. 0. 0.]
--------------------------------------------------

Step 2: Calculating r (r := C - uK):
C:
 [0.636 0.455]
K:
 [[ 0.364 -0.455]
 [-0.273  0.091]
 [ 1.182 -1.727]]
Result(r):  [0.636 0.455]
(r > 0) is true => optimal value is found!
--------------------------------------------------

Solution: [ 5.  1. 13.  0.  0.]
Optimal value: 15.0

