Revised simplex method
--------------------------------------------------

Select the type of input:
	1: Manual input
	2: Input from file
Selected: --------------------------------------------------

---- NOTE ----
Enter the relative path to the file, from under "/examples/" 
e.g. For file 1.txt, write "1.txt", that will load "/examples/1.txt"
--------------------------------------------------

---- NOTE ----
The input must be in the following format:
N M				Where N - number of equations and M - number of variables
"min" or "max"			Objective function minimisation or maximisation
c1 c2 c3 ... cM
A11 A12 ... A1M _ b1
A21 A22 ... A2M _ b2
................
AN1 AN2 ... ANM _ bN
  for x1, x2, x3, ... xM >= 0		Where '_' should be '<', '>' or '='

--------------------------------------------------

--------------------------------------------------

--------------------------------------------------

Enter the file name: Solving system(canonical form): Ax = b
c:
 [-1. -1.  0.  0.]
A:
 [[ 1.  -1.   1.   0. ]
 [ 0.5  1.   0.   1. ]]
b:
 [1.0, 1.0]
--------------------------------------------------

Set unit matrix:
c:
 [0.    0.    0.333 1.333]
A:
 [[ 1.     0.     0.667  0.667]
 [ 0.     1.    -0.333  0.667]]
b:
 [1.3333333333333333, 0.3333333333333333]
Base indexes (P):
 [0, 1]
Nonbase indexes (Q):
 [2, 3]
Base function value (Fo):
 1.6666666666666665
--------------------------------------------------

Revised Simplex:

Starting x value:  [1.333 0.333 0.    0.   ]
--------------------------------------------------

Iteration 0:

--------------------------------------------------

Step 1: Solving system(1): uB = Cb
B:
 [[1. 0.]
 [0. 1.]]
Cb:
 [0. 0.]
Result of u(1): [0. 0.]
--------------------------------------------------

Step 2: Calculating r (r := C - uK):
C:
 [0.333 1.333]
K:
 [[ 0.667  0.667]
 [-0.333  0.667]]
Result(r):  [0.333 1.333]
(r > 0) is true => optimal value is found!
--------------------------------------------------

Solution: [1.333 0.333 0.    0.   ]
Optimal value: -1.667

