Revised simplex method
--------------------------------------------------

Select the type of input:
	1: Manual input
	2: Input from file
Selected: --------------------------------------------------

---- NOTE ----
Enter the relative path to the file, from under "/examples/" 
e.g. For file 1.txt, write "1.txt", that will load "/examples/1.txt"
--------------------------------------------------

---- NOTE ----
The input must be in the following format:
N M				Where N - number of equations and M - number of variables
"min" or "max"			Objective function minimisation or maximisation
c1 c2 c3 ... cM
A11 A12 ... A1M _ b1
A21 A22 ... A2M _ b2
................
AN1 AN2 ... ANM _ bN
  for x1, x2, x3, ... xM >= 0		Where '_' should be '<', '>' or '='

--------------------------------------------------

--------------------------------------------------

--------------------------------------------------

Enter the file name: Solving system(canonical form): Ax = b
c:
 [-1. -3.  0.  0.]
A:
 [[ 1.  1.  1.  0.]
 [-1.  2.  0.  1.]]
b:
 [6.0, 8.0]
--------------------------------------------------

Set unit matrix:
c:
 [0.    0.    1.667 0.667]
A:
 [[ 1.     0.     0.667 -0.333]
 [ 0.     1.     0.333  0.333]]
b:
 [1.333333333333334, 4.666666666666667]
Base indexes (P):
 [0, 1]
Nonbase indexes (Q):
 [2, 3]
Base function value (Fo):
 15.333333333333334
--------------------------------------------------

Revised Simplex:

Starting x value:  [1.333 4.667 0.    0.   ]
--------------------------------------------------

Iteration 0:

--------------------------------------------------

Step 1: Solving system(1): uB = Cb
B:
 [[1. 0.]
 [0. 1.]]
Cb:
 [0. 0.]
Result of u(1): [0. 0.]
--------------------------------------------------

Step 2: Calculating r (r := C - uK):
C:
 [1.667 0.667]
K:
 [[ 0.667 -0.333]
 [ 0.333  0.333]]
Result(r):  [1.667 0.667]
(r > 0) is true => optimal value is found!
--------------------------------------------------

Solution: [1.333 4.667 0.    0.   ]
Optimal value: -15.333

