Select one of the possible opions:
	(1) Two-Phase simplex method
	(2) Dual simplex method
Option: --------------------------------------------------

Select the type of input:
	1: Manual input
	2: Input from file
Selected: --------------------------------------------------

---- NOTE ----
Enter the relative path to the file, from under "/examples/" 
e.g. For file 1.txt, write "1.txt", that will load "/examples/1.txt"
--------------------------------------------------

---- NOTE ----
The file must be in the following format:
N M				Where N - number of equations and M - number of variables
"min" or "max"			Goal function minimisation or maximisation
c1 c2 c3 ... cM
A11 A12 ... A1M _ b1
A21 A22 ... A2M _ b2
................
AN1 AN2 ... ANM _ bN
  for x1, x2, x3, ... xM >= 0		Where '_' should be '<', '>' or '='

--------------------------------------------------

--------------------------------------------------

--------------------------------------------------

Enter the file name: Two-Phase_simplex_&_Dual_simplex.py:739: RuntimeWarning: divide by zero encountered in double_scalars
  val = np.float64(x[P[i]]) / y[i]
A1:
 [[ 1.  0.  0.  1.  0.  0. -2.  1.  1.]
 [ 0.  1.  0. -0. -1. -0.  1.  2.  1.]
 [ 0.  0.  1. -0. -0. -1. -1.  1. -2.]]
c1:  [1. 1. 1. 0. 0. 0. 0. 0. 0.]
b:  [-0.0, 3.0, 4.0]
Starting x value:  [-0.  3.  4.  0.  0.  0.  0.  0.  0.]
--------------------------------------------------

Iteration 0:

--------------------------------------------------

Step 1: Solving system(1): uB = Cb
B:
 [[1. 0. 0.]
 [0. 1. 0.]
 [0. 0. 1.]]
Cb:
 [0. 0. 0.]
Result of u(1): [0. 0. 0.]
--------------------------------------------------

Step 2: Calculating r (r := C - uK):
C:
 [-1.  1.  1.  2. -4.  0.]
K:
 [[ 1.  0.  0. -2.  1.  1.]
 [-0. -1.  0.  1.  2.  1.]
 [ 0.  0. -1. -1.  1. -2.]]
Result(r):  [-1.  1.  1.  2. -4.  0.]
Bland's rule: first negative r(i) is r0
--------------------------------------------------

Step 3: Solving system(2): By = K0
B:
 [[1. 0. 0.]
 [0. 1. 0.]
 [0. 0. 1.]]
K: 3 
 [[ 1.]
 [-0.]
 [ 0.]]
Result of y(2): [1. 0. 0.]
--------------------------------------------------

Step 4: check if y <= 0:

(y <= 0) is not true!

Finding optimal t:

Optimal t: -0.0

Column 0 leaves base (P)

--------------------------------------------------

Step 5: updating x:

Old x: [-0.  3.  4.  0.  0.  0.  0.  0.  0.]
New x: [ 0.  3.  4. -0.  0.  0.  0.  0.  0.]
--------------------------------------------------

Iteration 1:

--------------------------------------------------

Step 1: Solving system(1): uB = Cb
B:
 [[ 1.  0.  0.]
 [-0.  1.  0.]
 [ 0.  0.  1.]]
Cb:
 [-1.  0.  0.]
Result of u(1): [-1.  0.  0.]
--------------------------------------------------

Step 2: Calculating r (r := C - uK):
C:
 [ 0.  1.  1.  2. -4.  0.]
K:
 [[ 1.  0.  0. -2.  1.  1.]
 [ 0. -1.  0.  1.  2.  1.]
 [ 0.  0. -1. -1.  1. -2.]]
Result(r):  [ 1.  1.  1.  0. -3.  1.]
Bland's rule: first negative r(i) is r4
--------------------------------------------------

Step 3: Solving system(2): By = K4
B:
 [[ 1.  0.  0.]
 [-0.  1.  0.]
 [ 0.  0.  1.]]
K: 7 
 [[1.]
 [2.]
 [1.]]
Result of y(2): [1. 2. 1.]
--------------------------------------------------

Step 4: check if y <= 0:

(y <= 0) is not true!

Finding optimal t:

Optimal t: -0.0

Column 3 leaves base (P)

--------------------------------------------------

Step 5: updating x:

Old x: [ 0.  3.  4. -0.  0.  0.  0.  0.  0.]
New x: [ 0.  3.  4.  0.  0.  0.  0. -0.  0.]
--------------------------------------------------

Iteration 2:

--------------------------------------------------

Step 1: Solving system(1): uB = Cb
B:
 [[1. 0. 0.]
 [2. 1. 0.]
 [1. 0. 1.]]
Cb:
 [-4.  0.  0.]
Result of u(1): [-4.  0.  0.]
--------------------------------------------------

Step 2: Calculating r (r := C - uK):
C:
 [ 0.  1.  1.  2. -1.  0.]
K:
 [[ 1.  0.  0. -2.  1.  1.]
 [ 0. -1.  0.  1. -0.  1.]
 [ 0.  0. -1. -1.  0. -2.]]
Result(r):  [ 4.  1.  1. -6.  3.  4.]
Bland's rule: first negative r(i) is r3
--------------------------------------------------

Step 3: Solving system(2): By = K3
B:
 [[1. 0. 0.]
 [2. 1. 0.]
 [1. 0. 1.]]
K: 6 
 [[-2.]
 [ 1.]
 [-1.]]
Result of y(2): [-2.  5.  1.]
--------------------------------------------------

Step 4: check if y <= 0:

(y <= 0) is not true!

Finding optimal t:

Optimal t: 0.6

Column 1 leaves base (P)

--------------------------------------------------

Step 5: updating x:

Old x: [ 0.  3.  4.  0.  0.  0.  0. -0.  0.]
New x: [0.  0.  3.4 0.  0.  0.  0.6 1.2 0. ]
--------------------------------------------------

Iteration 3:

--------------------------------------------------

Step 1: Solving system(1): uB = Cb
B:
 [[ 1. -2.  0.]
 [ 2.  1.  0.]
 [ 1. -1.  1.]]
Cb:
 [-4.  2.  0.]
Result of u(1): [-1.6 -1.2  0. ]
--------------------------------------------------

Step 2: Calculating r (r := C - uK):
C:
 [ 0.  1.  1.  0. -1.  0.]
K:
 [[ 1.  0.  0.  0.  1.  1.]
 [ 0. -1.  0.  1. -0.  1.]
 [ 0.  0. -1.  0.  0. -2.]]
Result(r):  [ 1.6 -0.2  1.   1.2  0.6  2.8]
Bland's rule: first negative r(i) is r1
--------------------------------------------------

Step 3: Solving system(2): By = K1
B:
 [[ 1. -2.  0.]
 [ 2.  1.  0.]
 [ 1. -1.  1.]]
K: 4 
 [[ 0.]
 [-1.]
 [ 0.]]
Result of y(2): [-0.4 -0.2  0.2]
--------------------------------------------------

Step 4: check if y <= 0:

(y <= 0) is not true!

Finding optimal t:

Optimal t: 17.0

Column 2 leaves base (P)

--------------------------------------------------

Step 5: updating x:

Old x: [0.  0.  3.4 0.  0.  0.  0.6 1.2 0. ]
New x: [ 0.000e+00  0.000e+00 -4.441e-16  0.000e+00  1.700e+01  0.000e+00
  4.000e+00  8.000e+00  0.000e+00]
--------------------------------------------------

Iteration 4:

--------------------------------------------------

Step 1: Solving system(1): uB = Cb
B:
 [[ 1. -2.  0.]
 [ 2.  1. -1.]
 [ 1. -1.  0.]]
Cb:
 [-4.  2.  1.]
Result of u(1): [-1. -1. -1.]
--------------------------------------------------

Step 2: Calculating r (r := C - uK):
C:
 [ 0.  0.  1.  0. -1.  0.]
K:
 [[ 1.  0.  0.  0.  1.  1.]
 [ 0.  0.  0.  1. -0.  1.]
 [ 0.  1. -1.  0.  0. -2.]]
Result(r):  [1.000e+00 1.000e+00 0.000e+00 1.000e+00 4.441e-16 4.441e-16]
(r > 0) is true => optimal value is found!
--------------------------------------------------

F1:  0.0
x1:  [ 0.000e+00  0.000e+00 -4.441e-16  0.000e+00  1.700e+01  0.000e+00
  4.000e+00  8.000e+00  0.000e+00]
--------------------------------------------------

Pseudo indexes:
 []
--------------------------------------------------

New system:
A2:
 [[ 1.  0.  0. -2.  1.  1.]
 [-0. -1.  0.  1.  2.  1.]
 [ 0.  0. -1. -1.  1. -2.]]
b2:  [-0.0, 3.0, 4.0]
c:  [0. 0. 0. 7. 4. 1.]
--------------------------------------------------

Starting x value:  [17.  4.  8.  0.  0.  0.]
--------------------------------------------------

Iteration 0:

--------------------------------------------------

Step 1: Solving system(1): uB = Cb
B:
 [[1.000e+00 0.000e+00 0.000e+00]
 [5.551e-17 1.000e+00 0.000e+00]
 [0.000e+00 0.000e+00 1.000e+00]]
Cb:
 [0. 0. 0.]
Result of u(1): [0. 0. 0.]
--------------------------------------------------

Step 2: Calculating r (r := C - uK):
C:
 [11. 15. 42.]
K:
 [[ -3.  -5. -14.]
 [ -1.  -1.  -3.]
 [ -1.  -2.  -5.]]
Result(r):  [11. 15. 42.]
(r > 0) is true => optimal value is found!
--------------------------------------------------

Solution:  [17.  4.  8.  0.  0.  0.]
Optimal value: 
minf = 60.0
maxf = -60.0
