Furie-Mockin method of elimination
--------------------------------------------------

Select one of the possible opions:
	(1) Calculate intervals (input: matrix A, vector b)
	(2) Check if a vertex is in solution (input: matrix A, vector b, vertex x
	(3) Furie-Mockin method of elimination (input: vector c, matrix A, vector b)
Option: ---- NOTE ----
The file must be in the following format:
N M			Where N - number of equations and M - number of variables
A11 A12 ... A1M
A21 A22 ... A2M
................
AN1 AN2 ... ANM
b1 b2 b3 ... bN
--------------------------------------------------

Enter the file name: --------------------------------------------------

Elimination:

I:  [2, 3]
J:  [0, 1]
K:  []
New A:
 [[ 1.5  4. ]
 [-3.   2. ]
 [ 8.5  0. ]
 [ 4.  -2. ]]
New b: [3.0, -3.0, 0.0, -6.0]
--------------------------------------------------

Elimination:

I:  [0, 1]
J:  [3]
K:  [2]
New A:
 [[2.375]
 [0.5  ]
 [8.5  ]]
New b: [-2.25, -4.5, 0.0]
--------------------------------------------------

VAR is in: [0.0, Inf)

Input value:
X1 = 1
--------------------------------------------------

Elimination:

I:  [2, 3]
J:  [0, 1]
K:  []
New A:
 [[ 4.]
 [ 2.]
 [ 0.]
 [-2.]]
New b: [1.5, 0.0, -8.5, -10.0]
--------------------------------------------------

VAR is in: [0.375, 5.0]

Input value:
X2 = 4
--------------------------------------------------

VAR is in: [-3.0, -1.0]

