Furie-Mockin method of elimination
--------------------------------------------------

Select one of the possible opions:
	(1) Calculate intervals (input: matrix A, vector b)
	(2) Check if a vertex is in solution (input: matrix A, vector b, vertex x
	(3) Furie-Mockin method of elimination (input: vector c, matrix A, vector b)
Option: ---- NOTE ----
The file must be in the following format:
N M			Where N - number of equations and M - number of variables
A11 A12 ... A1M
A21 A22 ... A2M
................
AN1 AN2 ... ANM
b1 b2 b3 ... bN
--------------------------------------------------

Enter the file name: --------------------------------------------------

Elimination:

I:  [4]
J:  [0, 1, 2]
K:  [3]
New A:
 [[ 1.]
 [-1.]
 [-2.]
 [ 1.]]
New b: [-1.0, -5.0, -8.0, 0.0]
--------------------------------------------------

VAR is in: [0.0, 4.0]

Input value:
X1 = 1
--------------------------------------------------

VAR is in: [0.0, 2.0]

