Select the type of input:
	1: Manual input
	2: Input from file
Selected: --------------------------------------------------

---- NOTE ----
Enter the relative path to the file, from under "/examples/" 
e.g. For file 1.txt, write "1.txt", that will load "/examples/1.txt"
--------------------------------------------------

---- NOTE ----
The input must be in the following format:
N M				Where N - number of supply constraints and M - number of demand constraints
A11 A12 ... A1M s1
A21 A22 ... A2M system
................
AN1 AN2 ... ANM sN
d1 d2 d3 ... dM
--------------------------------------------------

--------------------------------------------------

--------------------------------------------------

Enter the file name: 

    20     11     15     13      2
    17     14     12     13      6
    15     12     18     18      7
     3      3      4      5 
--------------------------------------------------

  -inf   -inf   -inf   -inf   -inf
  -inf   -inf   -inf   -inf   -inf
  -inf   -inf   -inf   -inf   -inf
  -inf   -inf   -inf   -inf 
--------------------------------------------------

Matrices after Least Cost Method:

    20     11     15     13      0
    17     14     12     13      0
    15     12     18     18      0
     0      0      0      0 
--------------------------------------------------

  -inf    2.0   -inf   -inf   -inf
  -inf   -inf    4.0    2.0   -inf
   3.0    1.0   -inf    3.0   -inf
  -inf   -inf   -inf   -inf 
--------------------------------------------------

Iteration: 1
  -inf    2.0   -inf   -inf   -inf
  -inf   -inf    4.0    2.0   -inf
   3.0    1.0   -inf    3.0    0.0
  -inf   -inf   -inf   -inf 
--------------------------------------------------

Matrices after update:

    20     11     15     13      0
    17     14     12     13      0
    15     12     18     18      0
     0      0      0      0 
--------------------------------------------------

  -inf    2.0   -inf   -inf   -1.0
  -inf   -inf    4.0    2.0   -5.0
   3.0    1.0   -inf    3.0    0.0
  15.0   12.0   17.0   18.0 
--------------------------------------------------

Theta, cycle:
 [[ 0. -1.  0.  1.]
 [ 0.  0.  0.  0.]
 [ 0.  1.  0. -1.]]
Theta min: 2.0
New matrix potential:
 [[-inf -inf -inf   2.]
 [-inf -inf   4.   2.]
 [  3.   3. -inf   1.]]
Iteration: 2
  -inf   -inf   -inf    2.0   -inf
  -inf   -inf    4.0    2.0   -inf
   3.0    3.0   -inf    1.0    0.0
  -inf   -inf   -inf   -inf 
--------------------------------------------------

Matrices after update:

    20     11     15     13      0
    17     14     12     13      0
    15     12     18     18      0
     0      0      0      0 
--------------------------------------------------

  -inf   -inf   -inf    2.0   -5.0
  -inf   -inf    4.0    2.0   -5.0
   3.0    3.0   -inf    1.0    0.0
  15.0   12.0   17.0   18.0 
--------------------------------------------------

Optimal solution: 199.0
