Select the type of input:
	1: Manual input
	2: Input from file
Selected: --------------------------------------------------

---- NOTE ----
Enter the relative path to the file, from under "/examples/" 
e.g. For file 1.txt, write "1.txt", that will load "/examples/1.txt"
--------------------------------------------------

---- NOTE ----
The input must be in the following format:
N M				Where N - number of supply constraints and M - number of demand constraints
A11 A12 ... A1M s1
A21 A22 ... A2M system
................
AN1 AN2 ... ANM sN
d1 d2 d3 ... dM
--------------------------------------------------

--------------------------------------------------

--------------------------------------------------

Enter the file name: 

    65     73     63     57    500    500      1
    67     70     65     58    500    500      1
    68     72     69     55    500    500      1
    67     75     70     59    500    500      1
    71     69     75     57    500    500      1
    69     71     66     59    500    500      1
     1      1      1      1      1      1 
--------------------------------------------------

  -inf   -inf   -inf   -inf   -inf   -inf   -inf
  -inf   -inf   -inf   -inf   -inf   -inf   -inf
  -inf   -inf   -inf   -inf   -inf   -inf   -inf
  -inf   -inf   -inf   -inf   -inf   -inf   -inf
  -inf   -inf   -inf   -inf   -inf   -inf   -inf
  -inf   -inf   -inf   -inf   -inf   -inf   -inf
  -inf   -inf   -inf   -inf   -inf   -inf 
--------------------------------------------------

Matrices after Least Cost Method:

    65     73     63     57    500    500      0
    67     70     65     58    500    500      0
    68     72     69     55    500    500      0
    67     75     70     59    500    500      0
    71     69     75     57    500    500      0
    69     71     66     59    500    500      0
     0      0      0      0      0      0 
--------------------------------------------------

  -inf   -inf    1.0   -inf   -inf   -inf   -inf
   1.0   -inf    0.0   -inf   -inf   -inf   -inf
  -inf   -inf   -inf    1.0    0.0   -inf   -inf
   0.0   -inf   -inf   -inf    1.0    0.0   -inf
  -inf    1.0   -inf   -inf   -inf   -inf   -inf
  -inf    0.0   -inf   -inf   -inf    1.0   -inf
  -inf   -inf   -inf   -inf   -inf   -inf 
--------------------------------------------------

Iteration: 1
  -inf   -inf    1.0   -inf   -inf   -inf   -inf
   1.0   -inf    0.0   -inf   -inf   -inf   -inf
  -inf   -inf   -inf    1.0    0.0   -inf   -inf
   0.0   -inf   -inf   -inf    1.0    0.0    0.0
  -inf    1.0   -inf   -inf   -inf   -inf   -inf
  -inf    0.0   -inf   -inf   -inf    1.0   -inf
  -inf   -inf   -inf   -inf   -inf   -inf 
--------------------------------------------------

Matrices after update:

    65     73     63     57    500    500      0
    67     70     65     58    500    500      0
    68     72     69     55    500    500      0
    67     75     70     59    500    500      0
    71     69     75     57    500    500      0
    69     71     66     59    500    500      0
     0      0      0      0      0      0 
--------------------------------------------------

  -inf   -inf    1.0   -inf   -inf   -inf   -2.0
   1.0   -inf    0.0   -inf   -inf   -inf    0.0
  -inf   -inf   -inf    1.0    0.0   -inf    0.0
   0.0   -inf   -inf   -inf    1.0    0.0    0.0
  -inf    1.0   -inf   -inf   -inf   -inf   -2.0
  -inf    0.0   -inf   -inf   -inf    1.0    0.0
  67.0   71.0   65.0   55.0  500.0  500.0 
--------------------------------------------------

Theta, cycle:
 [[ 0.  0.  0.  0.  0.  0.]
 [-1.  1.  0.  0.  0.  0.]
 [ 0.  0.  0.  0.  0.  0.]
 [ 1.  0.  0.  0.  0. -1.]
 [ 0.  0.  0.  0.  0.  0.]
 [ 0. -1.  0.  0.  0.  1.]]
Theta min: 0.0
New matrix potential:
 [[-inf -inf   1. -inf -inf -inf]
 [  1.   0.   0. -inf -inf -inf]
 [-inf -inf -inf   1.   0. -inf]
 [  0. -inf -inf -inf   1. -inf]
 [-inf   1. -inf -inf -inf -inf]
 [-inf   0. -inf -inf -inf   1.]]
Iteration: 2
  -inf   -inf    1.0   -inf   -inf   -inf   -inf
   1.0    0.0    0.0   -inf   -inf   -inf    0.0
  -inf   -inf   -inf    1.0    0.0   -inf   -inf
   0.0   -inf   -inf   -inf    1.0   -inf   -inf
  -inf    1.0   -inf   -inf   -inf   -inf   -inf
  -inf    0.0   -inf   -inf   -inf    1.0   -inf
  -inf   -inf   -inf   -inf   -inf   -inf 
--------------------------------------------------

Matrices after update:

    65     73     63     57    500    500      0
    67     70     65     58    500    500      0
    68     72     69     55    500    500      0
    67     75     70     59    500    500      0
    71     69     75     57    500    500      0
    69     71     66     59    500    500      0
     0      0      0      0      0      0 
--------------------------------------------------

  -inf   -inf    1.0   -inf   -inf   -inf   -2.0
   1.0    0.0    0.0   -inf   -inf   -inf    0.0
  -inf   -inf   -inf    1.0    0.0   -inf    0.0
   0.0   -inf   -inf   -inf    1.0   -inf    0.0
  -inf    1.0   -inf   -inf   -inf   -inf   -1.0
  -inf    0.0   -inf   -inf   -inf    1.0    1.0
  67.0   70.0   65.0   55.0  500.0  499.0 
--------------------------------------------------

Theta, cycle:
 [[ 0.  0.  0.  0.  0.  0.]
 [-1.  1.  0.  0.  0.  0.]
 [ 0.  0.  0.  0.  0.  0.]
 [ 1.  0.  0.  0. -1.  0.]
 [ 0.  0.  0.  0.  0.  0.]
 [ 0. -1.  0.  0.  1.  0.]]
Theta min: 0.0
New matrix potential:
 [[-inf -inf   1. -inf -inf -inf]
 [  1.   0.   0. -inf -inf -inf]
 [-inf -inf -inf   1.   0. -inf]
 [  0. -inf -inf -inf   1. -inf]
 [-inf   1. -inf -inf -inf -inf]
 [-inf -inf -inf -inf   0.   1.]]
Iteration: 3
  -inf   -inf    1.0   -inf   -inf   -inf   -inf
   1.0    0.0    0.0   -inf   -inf   -inf    0.0
  -inf   -inf   -inf    1.0    0.0   -inf   -inf
   0.0   -inf   -inf   -inf    1.0   -inf   -inf
  -inf    1.0   -inf   -inf   -inf   -inf   -inf
  -inf   -inf   -inf   -inf    0.0    1.0   -inf
  -inf   -inf   -inf   -inf   -inf   -inf 
--------------------------------------------------

Matrices after update:

    65     73     63     57    500    500      0
    67     70     65     58    500    500      0
    68     72     69     55    500    500      0
    67     75     70     59    500    500      0
    71     69     75     57    500    500      0
    69     71     66     59    500    500      0
     0      0      0      0      0      0 
--------------------------------------------------

  -inf   -inf    1.0   -inf   -inf   -inf   -2.0
   1.0    0.0    0.0   -inf   -inf   -inf    0.0
  -inf   -inf   -inf    1.0    0.0   -inf    0.0
   0.0   -inf   -inf   -inf    1.0   -inf    0.0
  -inf    1.0   -inf   -inf   -inf   -inf   -1.0
  -inf   -inf   -inf   -inf    0.0    1.0    0.0
  67.0   70.0   65.0   55.0  500.0  500.0 
--------------------------------------------------

Optimal solution: 254.0
