Select the type of input:
	1: Manual input
	2: Input from file
Selected: --------------------------------------------------

---- NOTE ----
Enter the relative path to the file, from under "/examples/" 
e.g. For file 1.txt, write "1.txt", that will load "/examples/1.txt"
--------------------------------------------------

---- NOTE ----
The input must be in the following format:
N M				Where N - number of supply constraints and M - number of demand constraints
A11 A12 ... A1M s1
A21 A22 ... A2M system
................
AN1 AN2 ... ANM sN
d1 d2 d3 ... dM
--------------------------------------------------

--------------------------------------------------

--------------------------------------------------

Enter the file name: 

    20     21     16     18    500     10
    17     28     14     16    500      9
    29     23     19     20    500      7
     6     10      4      5      1 
--------------------------------------------------

  -inf   -inf   -inf   -inf   -inf   -inf
  -inf   -inf   -inf   -inf   -inf   -inf
  -inf   -inf   -inf   -inf   -inf   -inf
  -inf   -inf   -inf   -inf   -inf 
--------------------------------------------------

Matrices after Least Cost Method:

    20     21     16     18    500      0
    17     28     14     16    500      0
    29     23     19     20    500      0
     0      0      0      0      0 
--------------------------------------------------

   6.0    4.0   -inf    0.0   -inf   -inf
  -inf   -inf    4.0    5.0   -inf   -inf
  -inf    6.0   -inf   -inf    1.0   -inf
  -inf   -inf   -inf   -inf   -inf 
--------------------------------------------------

Iteration: 1
   6.0    4.0   -inf    0.0   -inf    0.0
  -inf   -inf    4.0    5.0   -inf   -inf
  -inf    6.0   -inf   -inf    1.0   -inf
  -inf   -inf   -inf   -inf   -inf 
--------------------------------------------------

Matrices after update:

    20     21     16     18    500      0
    17     28     14     16    500      0
    29     23     19     20    500      0
     0      0      0      0      0 
--------------------------------------------------

   6.0    4.0   -inf    0.0   -inf    0.0
  -inf   -inf    4.0    5.0   -inf   -2.0
  -inf    6.0   -inf   -inf    1.0    2.0
  20.0   21.0   16.0   18.0  498.0 
--------------------------------------------------

Theta, cycle:
 [[-1.  0.  0.  1.  0.]
 [ 1.  0.  0. -1.  0.]
 [ 0.  0.  0.  0.  0.]]
Theta min: 5.0
New matrix potential:
 [[  1.   4. -inf   5. -inf]
 [  5. -inf   4. -inf -inf]
 [-inf   6. -inf -inf   1.]]
Iteration: 2
   1.0    4.0   -inf    5.0   -inf    0.0
   5.0   -inf    4.0   -inf   -inf   -inf
  -inf    6.0   -inf   -inf    1.0   -inf
  -inf   -inf   -inf   -inf   -inf 
--------------------------------------------------

Matrices after update:

    20     21     16     18    500      0
    17     28     14     16    500      0
    29     23     19     20    500      0
     0      0      0      0      0 
--------------------------------------------------

   1.0    4.0   -inf    5.0   -inf    0.0
   5.0   -inf    4.0   -inf   -inf   -3.0
  -inf    6.0   -inf   -inf    1.0    2.0
  20.0   21.0   17.0   18.0  498.0 
--------------------------------------------------

Theta, cycle:
 [[-1.  0.  1.  0.  0.]
 [ 1.  0. -1.  0.  0.]
 [ 0.  0.  0.  0.  0.]]
Theta min: 1.0
New matrix potential:
 [[-inf   4.   1.   5. -inf]
 [  6. -inf   3. -inf -inf]
 [-inf   6. -inf -inf   1.]]
Iteration: 3
  -inf    4.0    1.0    5.0   -inf    0.0
   6.0   -inf    3.0   -inf   -inf   -inf
  -inf    6.0   -inf   -inf    1.0   -inf
  -inf   -inf   -inf   -inf   -inf 
--------------------------------------------------

Matrices after update:

    20     21     16     18    500      0
    17     28     14     16    500      0
    29     23     19     20    500      0
     0      0      0      0      0 
--------------------------------------------------

  -inf    4.0    1.0    5.0   -inf    0.0
   6.0   -inf    3.0   -inf   -inf   -2.0
  -inf    6.0   -inf   -inf    1.0    2.0
  19.0   21.0   16.0   18.0  498.0 
--------------------------------------------------

Optimal solution: 472.0
