Select the type of input:
	1: Manual input
	2: Input from file
Selected: --------------------------------------------------

---- NOTE ----
Enter the relative path to the file, from under "/examples/" 
e.g. For file 1.txt, write "1.txt", that will load "/examples/1.txt"
--------------------------------------------------

---- NOTE ----
The input must be in the following format:
N M				Where N - number of supply constraints and M - number of demand constraints
A11 A12 ... A1M s1
A21 A22 ... A2M system
................
AN1 AN2 ... ANM sN
d1 d2 d3 ... dM
--------------------------------------------------

--------------------------------------------------

--------------------------------------------------

Enter the file name: 

     9      2      7      4      8    550
     6      6      8      3      5    450
     1      3      8      5      7    680
     7      0      2      8     10    320
   520    300    680    270    230 
--------------------------------------------------

  -inf   -inf   -inf   -inf   -inf   -inf
  -inf   -inf   -inf   -inf   -inf   -inf
  -inf   -inf   -inf   -inf   -inf   -inf
  -inf   -inf   -inf   -inf   -inf   -inf
  -inf   -inf   -inf   -inf   -inf 
--------------------------------------------------

Matrices after Least Cost Method:

     9      2      7      4      8      0
     6      6      8      3      5      0
     1      3      8      5      7      0
     7      0      2      8     10      0
     0      0      0      0      0 
--------------------------------------------------

  -inf   -inf  550.0   -inf   -inf   -inf
  -inf   -inf   -inf  270.0  180.0   -inf
 520.0   -inf  110.0   -inf   50.0   -inf
  -inf  300.0   20.0   -inf   -inf   -inf
  -inf   -inf   -inf   -inf   -inf 
--------------------------------------------------

Iteration: 1
  -inf   -inf  550.0   -inf   -inf   -inf
  -inf   -inf   -inf  270.0  180.0   -inf
 520.0   -inf  110.0   -inf   50.0    0.0
  -inf  300.0   20.0   -inf   -inf   -inf
  -inf   -inf   -inf   -inf   -inf 
--------------------------------------------------

Matrices after update:

     9      2      7      4      8      0
     6      6      8      3      5      0
     1      3      8      5      7      0
     7      0      2      8     10      0
     0      0      0      0      0 
--------------------------------------------------

  -inf   -inf  550.0   -inf   -inf   -1.0
  -inf   -inf   -inf  270.0  180.0   -2.0
 520.0   -inf  110.0   -inf   50.0    0.0
  -inf  300.0   20.0   -inf   -inf   -6.0
   1.0    6.0    8.0    5.0    7.0 
--------------------------------------------------

Theta, cycle:
 [[ 0.  1. -1.  0.  0.]
 [ 0.  0.  0.  0.  0.]
 [ 0.  0.  0.  0.  0.]
 [ 0. -1.  1.  0.  0.]]
Theta min: 300.0
New matrix potential:
 [[-inf 300. 250. -inf -inf]
 [-inf -inf -inf 270. 180.]
 [520. -inf 110. -inf  50.]
 [-inf -inf 320. -inf -inf]]
Iteration: 2
  -inf  300.0  250.0   -inf   -inf   -inf
  -inf   -inf   -inf  270.0  180.0   -inf
 520.0   -inf  110.0   -inf   50.0    0.0
  -inf   -inf  320.0   -inf   -inf   -inf
  -inf   -inf   -inf   -inf   -inf 
--------------------------------------------------

Matrices after update:

     9      2      7      4      8      0
     6      6      8      3      5      0
     1      3      8      5      7      0
     7      0      2      8     10      0
     0      0      0      0      0 
--------------------------------------------------

  -inf  300.0  250.0   -inf   -inf   -1.0
  -inf   -inf   -inf  270.0  180.0   -2.0
 520.0   -inf  110.0   -inf   50.0    0.0
  -inf   -inf  320.0   -inf   -inf   -6.0
   1.0    3.0    8.0    5.0    7.0 
--------------------------------------------------

Optimal solution: 6450.0
