Select the type of input:
	1: Manual input
	2: Input from file
Selected: --------------------------------------------------

---- NOTE ----
Enter the relative path to the file, from under "/examples/" 
e.g. For file 1.txt, write "1.txt", that will load "/examples/1.txt"
--------------------------------------------------

---- NOTE ----
The input must be in the following format:
N M				Where N - number of supply constraints and M - number of demand constraints
A11 A12 ... A1M s1
A21 A22 ... A2M system
................
AN1 AN2 ... ANM sN
d1 d2 d3 ... dM
--------------------------------------------------

--------------------------------------------------

--------------------------------------------------

Enter the file name: 

     1      4     10      7    500
     0      8      9     10    500
    10      1      3      2    400
   500    500    500    500    100
   500    500    300    200 
--------------------------------------------------

  -inf   -inf   -inf   -inf   -inf
  -inf   -inf   -inf   -inf   -inf
  -inf   -inf   -inf   -inf   -inf
  -inf   -inf   -inf   -inf   -inf
  -inf   -inf   -inf   -inf 
--------------------------------------------------

Matrices after Least Cost Method:

     1      4     10      7      0
     0      8      9     10      0
    10      1      3      2      0
   500    500    500    500      0
     0      0      0      0 
--------------------------------------------------

  -inf  100.0  200.0  200.0   -inf
 500.0   -inf    0.0   -inf   -inf
  -inf  400.0   -inf   -inf   -inf
  -inf   -inf  100.0   -inf   -inf
  -inf   -inf   -inf   -inf 
--------------------------------------------------

Iteration: 1
  -inf  100.0  200.0  200.0    0.0
 500.0   -inf    0.0   -inf   -inf
  -inf  400.0   -inf   -inf   -inf
  -inf   -inf  100.0   -inf   -inf
  -inf   -inf   -inf   -inf 
--------------------------------------------------

Matrices after update:

     1      4     10      7      0
     0      8      9     10      0
    10      1      3      2      0
   500    500    500    500      0
     0      0      0      0 
--------------------------------------------------

  -inf  100.0  200.0  200.0    0.0
 500.0   -inf    0.0   -inf   -1.0
  -inf  400.0   -inf   -inf   -3.0
  -inf   -inf  100.0   -inf  490.0
   1.0    4.0   10.0    7.0 
--------------------------------------------------

Theta, cycle:
 [[ 0.  1. -1.  0.]
 [ 0.  0.  0.  0.]
 [ 0. -1.  1.  0.]
 [ 0.  0.  0.  0.]]
Theta min: 200.0
New matrix potential:
 [[-inf 300. -inf 200.]
 [500. -inf   0. -inf]
 [-inf 200. 200. -inf]
 [-inf -inf 100. -inf]]
Iteration: 2
  -inf  300.0   -inf  200.0   -inf
 500.0   -inf    0.0   -inf   -inf
  -inf  200.0  200.0   -inf   -inf
  -inf   -inf  100.0   -inf   -inf
  -inf   -inf    0.0   -inf 
--------------------------------------------------

Matrices after update:

     1      4     10      7      0
     0      8      9     10      0
    10      1      3      2      0
   500    500    500    500      0
     0      0      0      0 
--------------------------------------------------

  -inf  300.0   -inf  200.0    6.0
 500.0   -inf    0.0   -inf    9.0
  -inf  200.0  200.0   -inf    3.0
  -inf   -inf  100.0   -inf  500.0
  -9.0   -2.0    0.0    1.0 
--------------------------------------------------

Theta, cycle:
 [[ 0.  1.  0. -1.]
 [ 0.  0.  0.  0.]
 [ 0. -1.  0.  1.]
 [ 0.  0.  0.  0.]]
Theta min: 200.0
New matrix potential:
 [[-inf 500. -inf -inf]
 [500. -inf   0. -inf]
 [-inf   0. 200. 200.]
 [-inf -inf 100. -inf]]
Iteration: 3
  -inf  500.0   -inf   -inf   -inf
 500.0   -inf    0.0   -inf   -inf
  -inf    0.0  200.0  200.0    0.0
  -inf   -inf  100.0   -inf   -inf
  -inf   -inf   -inf   -inf 
--------------------------------------------------

Matrices after update:

     1      4     10      7      0
     0      8      9     10      0
    10      1      3      2      0
   500    500    500    500      0
     0      0      0      0 
--------------------------------------------------

  -inf  500.0   -inf   -inf    3.0
 500.0   -inf    0.0   -inf    6.0
  -inf    0.0  200.0  200.0    0.0
  -inf   -inf  100.0   -inf  497.0
  -6.0    1.0    3.0    2.0 
--------------------------------------------------

Optimal solution: 3000.0
