Select the type of input:
	1: Manual input
	2: Input from file
Selected: --------------------------------------------------

---- NOTE ----
Enter the relative path to the file, from under "/examples/" 
e.g. For file 1.txt, write "1.txt", that will load "/examples/1.txt"
--------------------------------------------------

---- NOTE ----
The input must be in the following format:
N M				Where N - number of supply constraints and M - number of demand constraints
A11 A12 ... A1M s1
A21 A22 ... A2M system
................
AN1 AN2 ... ANM sN
d1 d2 d3 ... dM
--------------------------------------------------

--------------------------------------------------

--------------------------------------------------

Enter the file name: 

    52     24     34     23     39     20
    33     32     24     43     29     15
    38     41     42     36     45     25
   500    500    500    500    500     40
     9     17     22     33     19 
--------------------------------------------------

  -inf   -inf   -inf   -inf   -inf   -inf
  -inf   -inf   -inf   -inf   -inf   -inf
  -inf   -inf   -inf   -inf   -inf   -inf
  -inf   -inf   -inf   -inf   -inf   -inf
  -inf   -inf   -inf   -inf   -inf 
--------------------------------------------------

Matrices after Least Cost Method:

    52     24     34     23     39      0
    33     32     24     43     29      0
    38     41     42     36     45      0
   500    500    500    500    500      0
     0      0      0      0      0 
--------------------------------------------------

  -inf   -inf   -inf   20.0   -inf   -inf
  -inf   -inf   15.0   -inf   -inf   -inf
   9.0    3.0   -inf   13.0   -inf   -inf
  -inf   14.0    7.0   -inf   19.0   -inf
  -inf   -inf   -inf   -inf   -inf 
--------------------------------------------------

Iteration: 1
  -inf   -inf   -inf   20.0   -inf   -inf
  -inf   -inf   15.0   -inf   -inf   -inf
   9.0    3.0   -inf   13.0   -inf    0.0
  -inf   14.0    7.0   -inf   19.0   -inf
  -inf   -inf   -inf   -inf   -inf 
--------------------------------------------------

Matrices after update:

    52     24     34     23     39      0
    33     32     24     43     29      0
    38     41     42     36     45      0
   500    500    500    500    500      0
     0      0      0      0      0 
--------------------------------------------------

  -inf   -inf   -inf   20.0   -inf  -13.0
  -inf   -inf   15.0   -inf   -inf  -17.0
   9.0    3.0   -inf   13.0   -inf    0.0
  -inf   14.0    7.0   -inf   19.0  459.0
  38.0   41.0   41.0   36.0   41.0 
--------------------------------------------------

Theta, cycle:
 [[ 0.  1.  0. -1.  0.]
 [ 0.  0.  0.  0.  0.]
 [ 0. -1.  0.  1.  0.]
 [ 0.  0.  0.  0.  0.]]
Theta min: 3.0
New matrix potential:
 [[-inf   3. -inf  17. -inf]
 [-inf -inf  15. -inf -inf]
 [  9. -inf -inf  16. -inf]
 [-inf  14.   7. -inf  19.]]
Iteration: 2
  -inf    3.0   -inf   17.0   -inf   -inf
  -inf   -inf   15.0   -inf   -inf   -inf
   9.0   -inf   -inf   16.0   -inf   -inf
  -inf   14.0    7.0   -inf   19.0    0.0
  -inf   -inf   -inf   -inf   -inf 
--------------------------------------------------

Matrices after update:

    52     24     34     23     39      0
    33     32     24     43     29      0
    38     41     42     36     45      0
   500    500    500    500    500      0
     0      0      0      0      0 
--------------------------------------------------

  -inf    3.0   -inf   17.0   -inf -476.0
  -inf   -inf   15.0   -inf   -inf -476.0
   9.0   -inf   -inf   16.0   -inf -463.0
  -inf   14.0    7.0   -inf   19.0    0.0
 501.0  500.0  500.0  499.0  500.0 
--------------------------------------------------

Theta, cycle:
 [[ 0.  1.  0. -1.  0.]
 [ 0.  0.  0.  0.  0.]
 [-1.  0.  0.  1.  0.]
 [ 1. -1.  0.  0.  0.]]
Theta min: 9.0
New matrix potential:
 [[-inf  12. -inf   8. -inf]
 [-inf -inf  15. -inf -inf]
 [-inf -inf -inf  25. -inf]
 [  9.   5.   7. -inf  19.]]
Iteration: 3
  -inf   12.0   -inf    8.0   -inf   -inf
  -inf   -inf   15.0   -inf   -inf   -inf
  -inf   -inf   -inf   25.0   -inf   -inf
   9.0    5.0    7.0   -inf   19.0    0.0
  -inf   -inf   -inf   -inf   -inf 
--------------------------------------------------

Matrices after update:

    52     24     34     23     39      0
    33     32     24     43     29      0
    38     41     42     36     45      0
   500    500    500    500    500      0
     0      0      0      0      0 
--------------------------------------------------

  -inf   12.0   -inf    8.0   -inf -476.0
  -inf   -inf   15.0   -inf   -inf -476.0
  -inf   -inf   -inf   25.0   -inf -463.0
   9.0    5.0    7.0   -inf   19.0    0.0
 500.0  500.0  500.0  499.0  500.0 
--------------------------------------------------

Optimal solution: 1732.0
