Select the type of input:
	1: Manual input
	2: Input from file
Selected: --------------------------------------------------

---- NOTE ----
Enter the relative path to the file, from under "/examples/" 
e.g. For file 1.txt, write "1.txt", that will load "/examples/1.txt"
--------------------------------------------------

---- NOTE ----
The input must be in the following format:
N M				Where N - number of supply constraints and M - number of demand constraints
A11 A12 ... A1M s1
A21 A22 ... A2M system
................
AN1 AN2 ... ANM sN
d1 d2 d3 ... dM
--------------------------------------------------

--------------------------------------------------

--------------------------------------------------

Enter the file name: 

     9     12      7     12    500    500      1
    14     10      9     11    500    500      1
     8     15     11     15    500    500      1
    12     13      8     14    500    500      1
    10     11     10     10    500    500      1
    11     14     12      9    500    500      1
     1      1      1      1      1      1 
--------------------------------------------------

  -inf   -inf   -inf   -inf   -inf   -inf   -inf
  -inf   -inf   -inf   -inf   -inf   -inf   -inf
  -inf   -inf   -inf   -inf   -inf   -inf   -inf
  -inf   -inf   -inf   -inf   -inf   -inf   -inf
  -inf   -inf   -inf   -inf   -inf   -inf   -inf
  -inf   -inf   -inf   -inf   -inf   -inf   -inf
  -inf   -inf   -inf   -inf   -inf   -inf 
--------------------------------------------------

Matrices after Least Cost Method:

     9     12      7     12    500    500      0
    14     10      9     11    500    500      0
     8     15     11     15    500    500      0
    12     13      8     14    500    500      0
    10     11     10     10    500    500      0
    11     14     12      9    500    500      0
     0      0      0      0      0      0 
--------------------------------------------------

   0.0   -inf    1.0   -inf    0.0   -inf   -inf
  -inf    1.0   -inf   -inf    0.0   -inf   -inf
   1.0   -inf   -inf   -inf   -inf   -inf   -inf
  -inf   -inf   -inf   -inf    1.0    0.0   -inf
  -inf   -inf   -inf    0.0   -inf    1.0   -inf
  -inf   -inf   -inf    1.0   -inf   -inf   -inf
  -inf   -inf   -inf   -inf   -inf   -inf 
--------------------------------------------------

Iteration: 1
   0.0   -inf    1.0   -inf    0.0   -inf    0.0
  -inf    1.0   -inf   -inf    0.0   -inf   -inf
   1.0   -inf   -inf   -inf   -inf   -inf   -inf
  -inf   -inf   -inf   -inf    1.0    0.0   -inf
  -inf   -inf   -inf    0.0   -inf    1.0   -inf
  -inf   -inf   -inf    1.0   -inf   -inf   -inf
  -inf   -inf   -inf   -inf   -inf   -inf 
--------------------------------------------------

Matrices after update:

     9     12      7     12    500    500      0
    14     10      9     11    500    500      0
     8     15     11     15    500    500      0
    12     13      8     14    500    500      0
    10     11     10     10    500    500      0
    11     14     12      9    500    500      0
     0      0      0      0      0      0 
--------------------------------------------------

   0.0   -inf    1.0   -inf    0.0   -inf    0.0
  -inf    1.0   -inf   -inf    0.0   -inf    0.0
   1.0   -inf   -inf   -inf   -inf   -inf   -1.0
  -inf   -inf   -inf   -inf    1.0    0.0    0.0
  -inf   -inf   -inf    0.0   -inf    1.0    0.0
  -inf   -inf   -inf    1.0   -inf   -inf   -1.0
   9.0   10.0    7.0   10.0  500.0  500.0 
--------------------------------------------------

Optimal solution: 34.0
